Compiling the CXX compiler identification source file "CMakeCXXCompilerId.cpp" failed.
Compiler: CMAKE_CXX_COMPILER-NOTFOUND 
Build flags: 
Id flags: 

The output was:
No such file or directory


Compiling the CXX compiler identification source file "CMakeCXXCompilerId.cpp" failed.
Compiler: CMAKE_CXX_COMPILER-NOTFOUND 
Build flags: 
Id flags: -c

The output was:
No such file or directory


Checking whether the CXX compiler is IAR using "" did not match "IAR .+ Compiler":
Compiling the CXX compiler identification source file "CMakeCXXCompilerId.cpp" failed.
Compiler: CMAKE_CXX_COMPILER-NOTFOUND 
Build flags: 
Id flags: 

The output was:
No such file or directory


Compiling the CXX compiler identification source file "CMakeCXXCompilerId.cpp" failed.
Compiler: CMAKE_CXX_COMPILER-NOTFOUND 
Build flags: 
Id flags: -c

The output was:
No such file or directory


Checking whether the CXX compiler is IAR using "" did not match "IAR .+ Compiler":
Determining if the pthread_create exist failed with the following output:
Change Dir: /code/easy_kvstore/CMakeFiles/CMakeTmp

Run Build Command:/usr/bin/gmake "cmTryCompileExec383223034/fast"
/usr/bin/gmake -f CMakeFiles/cmTryCompileExec383223034.dir/build.make CMakeFiles/cmTryCompileExec383223034.dir/build
gmake[1]: 进入目录“/code/easy_kvstore/CMakeFiles/CMakeTmp”
/usr/bin/cmake -E cmake_progress_report /code/easy_kvstore/CMakeFiles/CMakeTmp/CMakeFiles 1
Building C object CMakeFiles/cmTryCompileExec383223034.dir/CheckSymbolExists.c.o
/usr/bin/cc    -o CMakeFiles/cmTryCompileExec383223034.dir/CheckSymbolExists.c.o   -c /code/easy_kvstore/CMakeFiles/CMakeTmp/CheckSymbolExists.c
Linking C executable cmTryCompileExec383223034
/usr/bin/cmake -E cmake_link_script CMakeFiles/cmTryCompileExec383223034.dir/link.txt --verbose=1
/usr/bin/cc       CMakeFiles/cmTryCompileExec383223034.dir/CheckSymbolExists.c.o  -o cmTryCompileExec383223034 -rdynamic 
CMakeFiles/cmTryCompileExec383223034.dir/CheckSymbolExists.c.o：在函数‘main’中：
CheckSymbolExists.c:(.text+0x16)：对‘pthread_create’未定义的引用
collect2: 错误：ld 返回 1
gmake[1]: 离开目录“/code/easy_kvstore/CMakeFiles/CMakeTmp”
gmake[1]: *** [cmTryCompileExec383223034] 错误 1
gmake: *** [cmTryCompileExec383223034/fast] 错误 2

File /code/easy_kvstore/CMakeFiles/CMakeTmp/CheckSymbolExists.c:
/* */
#include <pthread.h>

int main(int argc, char** argv)
{
  (void)argv;
#ifndef pthread_create
  return ((int*)(&pthread_create))[argc];
#else
  (void)argc;
  return 0;
#endif
}

Determining if the function pthread_create exists in the pthreads failed with the following output:
Change Dir: /code/easy_kvstore/CMakeFiles/CMakeTmp

Run Build Command:/usr/bin/gmake "cmTryCompileExec4140305495/fast"
/usr/bin/gmake -f CMakeFiles/cmTryCompileExec4140305495.dir/build.make CMakeFiles/cmTryCompileExec4140305495.dir/build
gmake[1]: 进入目录“/code/easy_kvstore/CMakeFiles/CMakeTmp”
/usr/bin/cmake -E cmake_progress_report /code/easy_kvstore/CMakeFiles/CMakeTmp/CMakeFiles 1
Building C object CMakeFiles/cmTryCompileExec4140305495.dir/CheckFunctionExists.c.o
/usr/bin/cc   -DCHECK_FUNCTION_EXISTS=pthread_create   -o CMakeFiles/cmTryCompileExec4140305495.dir/CheckFunctionExists.c.o   -c /usr/share/cmake/Modules/CheckFunctionExists.c
Linking C executable cmTryCompileExec4140305495
/usr/bin/cmake -E cmake_link_script CMakeFiles/cmTryCompileExec4140305495.dir/link.txt --verbose=1
/usr/bin/cc   -DCHECK_FUNCTION_EXISTS=pthread_create    CMakeFiles/cmTryCompileExec4140305495.dir/CheckFunctionExists.c.o  -o cmTryCompileExec4140305495 -rdynamic -lpthreads 
/usr/bin/ld: 找不到 -lpthreads
collect2: 错误：ld 返回 1
gmake[1]: 离开目录“/code/easy_kvstore/CMakeFiles/CMakeTmp”
gmake[1]: *** [cmTryCompileExec4140305495] 错误 1
gmake: *** [cmTryCompileExec4140305495/fast] 错误 2


Compiling the CXX compiler identification source file "CMakeCXXCompilerId.cpp" failed.
Compiler: CMAKE_CXX_COMPILER-NOTFOUND 
Build flags: 
Id flags: 

The output was:
No such file or directory


Compiling the CXX compiler identification source file "CMakeCXXCompilerId.cpp" failed.
Compiler: CMAKE_CXX_COMPILER-NOTFOUND 
Build flags: 
Id flags: -c

The output was:
No such file or directory


Checking whether the CXX compiler is IAR using "" did not match "IAR .+ Compiler":
Compiling the CXX compiler identification source file "CMakeCXXCompilerId.cpp" failed.
Compiler: CMAKE_CXX_COMPILER-NOTFOUND 
Build flags: 
Id flags: 

The output was:
No such file or directory


Compiling the CXX compiler identification source file "CMakeCXXCompilerId.cpp" failed.
Compiler: CMAKE_CXX_COMPILER-NOTFOUND 
Build flags: 
Id flags: -c

The output was:
No such file or directory


Checking whether the CXX compiler is IAR using "" did not match "IAR .+ Compiler":
Compiling the CXX compiler identification source file "CMakeCXXCompilerId.cpp" failed.
Compiler: CMAKE_CXX_COMPILER-NOTFOUND 
Build flags: 
Id flags: 

The output was:
No such file or directory


Compiling the CXX compiler identification source file "CMakeCXXCompilerId.cpp" failed.
Compiler: CMAKE_CXX_COMPILER-NOTFOUND 
Build flags: 
Id flags: -c

The output was:
No such file or directory


Checking whether the CXX compiler is IAR using "" did not match "IAR .+ Compiler":
